[2m5:58:40 am[22m [31m[1m[vite][22m[39m [31m[2m(client)[22m[39m [31m[Unhandled error] [1mTypeError[22m: Cannot read properties of undefined (reading 'battery_percent')
[39m > Dashboard src/pages/Dashboard.tsx:73:101
    71 |        <Panel title="Battery Alert">
    72 |          <div className="grid grid-cols-1 gap-3 sm:grid-cols-2 xl:grid-cols-4">
    73 |  ...={18} />} label="Battery Status" value={data?.battery_alert.battery_percent == null ? "Unavailable" : `${data.batt...
       |                                                                 ^
    74 |            <Status icon={<Activity size={18} />} label="Charging Status" value={data?.battery_alert.is_charging == nul...
    75 |            <Status icon={<RefreshCw size={18} />} label="Alert Status" value={data?.battery_alert.alert_active ? "Acti...
 > Object.react_stack_bottom_frame node_modules/react-dom/cjs/react-dom-client.development.js:25904:19
 > renderWithHooks node_modules/react-dom/cjs/react-dom-client.development.js:7662:21
 > updateFunctionComponent node_modules/react-dom/cjs/react-dom-client.development.js:10166:18
 > beginWork node_modules/react-dom/cjs/react-dom-client.development.js:11778:17
 > runWithFiberInDEV node_modules/react-dom/cjs/react-dom-client.development.js:871:29
 > performUnitOfWork node_modules/react-dom/cjs/react-dom-client.development.js:17641:21
 > workLoopSync node_modules/react-dom/cjs/react-dom-client.development.js:17469:40
 > renderRootSync node_modules/react-dom/cjs/react-dom-client.development.js:17450:10
 > performWorkOnRoot node_modules/react-dom/cjs/react-dom-client.development.js:16583:34

[2m5:58:40 am[22m [33m[1m[vite][22m[39m [33m[2m(client)[22m[39m [2m[console.warn] [22mAn error occurred in the <Dashboard> component.

Consider adding an error boundary to your tree to customize error handling behavior.
Visit https://react.dev/link/error-boundaries to learn more about error boundaries.

[2m6:00:59 am[22m [31m[1m[vite][22m[39m [31m[2m(client)[22m[39m [31m[Unhandled error] [1mTypeError[22m: Cannot read properties of undefined (reading 'battery_percent')
[39m > Dashboard src/pages/Dashboard.tsx:73:101
    71 |        <Panel title="Battery Alert">
    72 |          <div className="grid grid-cols-1 gap-3 sm:grid-cols-2 xl:grid-cols-4">
    73 |  ...={18} />} label="Battery Status" value={data?.battery_alert.battery_percent == null ? "Unavailable" : `${data.batt...
       |                                                                 ^
    74 |            <Status icon={<Activity size={18} />} label="Charging Status" value={data?.battery_alert.is_charging == nul...
    75 |            <Status icon={<RefreshCw size={18} />} label="Alert Status" value={data?.battery_alert.alert_active ? "Acti...
 > Object.react_stack_bottom_frame node_modules/react-dom/cjs/react-dom-client.development.js:25904:19
 > renderWithHooks node_modules/react-dom/cjs/react-dom-client.development.js:7662:21
 > updateFunctionComponent node_modules/react-dom/cjs/react-dom-client.development.js:10166:18
 > beginWork node_modules/react-dom/cjs/react-dom-client.development.js:11778:17
 > runWithFiberInDEV node_modules/react-dom/cjs/react-dom-client.development.js:871:29
 > performUnitOfWork node_modules/react-dom/cjs/react-dom-client.development.js:17641:21
 > workLoopSync node_modules/react-dom/cjs/react-dom-client.development.js:17469:40
 > renderRootSync node_modules/react-dom/cjs/react-dom-client.development.js:17450:10
 > performWorkOnRoot node_modules/react-dom/cjs/react-dom-client.development.js:16583:34

[2m6:00:59 am[22m [33m[1m[vite][22m[39m [33m[2m(client)[22m[39m [2m[console.warn] [22mAn error occurred in the <Dashboard> component.

Consider adding an error boundary to your tree to customize error handling behavior.
Visit https://react.dev/link/error-boundaries to learn more about error boundaries.

