2026-06-06 05:34:10,500 INFO Task 35 started: remember this preference
2026-06-06 05:34:10,532 INFO Task 35 completed
2026-06-06 05:34:12,166 INFO Task 37 started: remember task manager test
2026-06-06 05:34:12,189 INFO Task 37 completed
2026-06-06 05:34:12,360 INFO Task 38 started: bad
2026-06-06 05:34:12,362 ERROR Task 38 failed: Unknown agent: unknown
2026-06-06 05:59:58,694 INFO Task 39 started: remember this preference
2026-06-06 05:59:58,721 INFO Task 39 completed
2026-06-06 06:00:02,218 INFO Task 41 started: remember task manager test
2026-06-06 06:00:02,640 INFO Task 41 completed
2026-06-06 06:00:03,936 INFO Task 42 started: bad
2026-06-06 06:00:03,958 ERROR Task 42 failed: Unknown agent: unknown
2026-06-06 06:02:44,753 INFO Task 43 started: remember this preference
2026-06-06 06:02:44,782 INFO Task 43 completed
2026-06-06 06:02:46,641 INFO Task 45 started: remember task manager test
2026-06-06 06:02:46,664 INFO Task 45 completed
2026-06-06 06:02:46,931 INFO Task 46 started: bad
2026-06-06 06:02:46,933 ERROR Task 46 failed: Unknown agent: unknown
2026-06-06 06:13:35,221 INFO Task 47 started: remember this preference
2026-06-06 06:13:35,419 INFO Task 47 completed
2026-06-06 06:13:40,493 INFO Task 49 started: remember task manager test
2026-06-06 06:13:40,536 INFO Task 49 completed
2026-06-06 06:13:40,838 INFO Task 50 started: bad
2026-06-06 06:13:40,843 ERROR Task 50 failed: Unknown agent: unknown
2026-06-06 06:16:55,789 INFO Task 51 started: remember this preference
2026-06-06 06:16:55,815 INFO Task 51 completed
2026-06-06 06:16:57,864 INFO Task 53 started: remember task manager test
2026-06-06 06:16:57,890 INFO Task 53 completed
2026-06-06 06:16:58,061 INFO Task 54 started: bad
2026-06-06 06:16:58,063 ERROR Task 54 failed: Unknown agent: unknown
2026-06-06 06:19:58,986 INFO Task 55 started: remember this preference
2026-06-06 06:19:59,401 INFO Task 55 completed
2026-06-06 06:20:03,744 INFO Task 57 started: remember task manager test
2026-06-06 06:20:03,762 INFO Task 57 completed
2026-06-06 06:20:03,915 INFO Task 58 started: bad
2026-06-06 06:20:03,917 ERROR Task 58 failed: Unknown agent: unknown
2026-06-06 21:15:10,422 INFO Task 59 started: remember this preference
2026-06-06 21:15:10,508 INFO Task 59 completed
2026-06-06 21:15:11,655 INFO Task 60 started: delete file C:/definitely-not-real.txt
2026-06-06 21:15:11,659 ERROR Task 60 failed: Path outside allowed base path: C:\definitely-not-real.txt
2026-06-06 21:15:13,041 INFO Task 62 started: remember task manager test
2026-06-06 21:15:13,068 INFO Task 62 completed
2026-06-06 21:15:13,249 INFO Task 63 started: bad
2026-06-06 21:15:13,251 ERROR Task 63 failed: Unknown agent: unknown
2026-06-06 21:17:02,321 INFO Task 64 started: remember this preference
2026-06-06 21:17:02,347 INFO Task 64 completed
2026-06-06 21:17:03,364 INFO Task 65 started: delete file C:/definitely-not-real.txt
2026-06-06 21:17:03,368 ERROR Task 65 failed: Path outside allowed base path: C:\definitely-not-real.txt
2026-06-06 21:17:04,787 INFO Task 67 started: remember task manager test
2026-06-06 21:17:04,809 INFO Task 67 completed
2026-06-06 21:17:06,274 INFO Task 68 started: bad
2026-06-06 21:17:06,275 ERROR Task 68 failed: Unknown agent: unknown
2026-06-06 21:20:06,621 INFO Task 69 started: remember this preference
2026-06-06 21:20:06,645 INFO Task 69 completed
2026-06-06 21:20:07,865 INFO Task 70 started: delete file C:/definitely-not-real.txt
2026-06-06 21:20:07,868 ERROR Task 70 failed: Path outside allowed base path: C:\definitely-not-real.txt
2026-06-06 21:20:09,135 INFO Task 72 started: remember task manager test
2026-06-06 21:20:09,154 INFO Task 72 completed
2026-06-06 21:20:09,331 INFO Task 73 started: bad
2026-06-06 21:20:09,332 ERROR Task 73 failed: Unknown agent: unknown
2026-06-06 21:28:57,664 INFO Task 74 started: Hi
2026-06-06 21:28:57,687 INFO Task 74 completed
2026-06-06 21:32:44,580 INFO Task 75 started: remember this preference
2026-06-06 21:32:44,608 INFO Task 75 completed
2026-06-06 21:32:45,728 INFO Task 76 started: delete file C:/definitely-not-real.txt
2026-06-06 21:32:45,739 ERROR Task 76 failed: Path outside allowed base path: C:\definitely-not-real.txt
2026-06-06 21:32:46,924 INFO Task 78 started: remember task manager test
2026-06-06 21:32:46,945 INFO Task 78 completed
2026-06-06 21:32:47,125 INFO Task 79 started: bad
2026-06-06 21:32:47,126 ERROR Task 79 failed: Unknown agent: unknown
2026-06-06 21:37:46,324 INFO Task 80 started: remember this preference
2026-06-06 21:37:46,353 INFO Task 80 completed
2026-06-06 21:37:47,922 INFO Task 81 started: delete file C:/definitely-not-real.txt
2026-06-06 21:37:47,925 ERROR Task 81 failed: Path outside allowed base path: C:\definitely-not-real.txt
2026-06-06 21:37:49,031 INFO Task 83 started: remember task manager test
2026-06-06 21:37:49,050 INFO Task 83 completed
2026-06-06 21:37:49,300 INFO Task 84 started: bad
2026-06-06 21:37:49,301 ERROR Task 84 failed: Unknown agent: unknown
2026-06-06 21:41:22,796 INFO Task 85 started: remember this preference
2026-06-06 21:41:22,824 INFO Task 85 completed
2026-06-06 21:41:24,045 INFO Task 86 started: delete file C:/definitely-not-real.txt
2026-06-06 21:41:24,048 ERROR Task 86 failed: Path outside allowed base path: C:\definitely-not-real.txt
2026-06-06 21:41:25,465 INFO Task 88 started: remember task manager test
2026-06-06 21:41:25,489 INFO Task 88 completed
2026-06-06 21:41:25,799 INFO Task 89 started: bad
2026-06-06 21:41:25,800 ERROR Task 89 failed: Unknown agent: unknown
2026-06-06 21:46:33,050 INFO Task 90 started: remember this preference
2026-06-06 21:46:33,081 INFO Task 90 completed
2026-06-06 21:46:34,353 INFO Task 91 started: delete file C:/definitely-not-real.txt
2026-06-06 21:46:34,357 ERROR Task 91 failed: Path outside allowed base path: C:\definitely-not-real.txt
2026-06-06 21:46:35,937 INFO Task 94 started: remember task manager test
2026-06-06 21:46:35,962 INFO Task 94 completed
2026-06-06 21:46:36,257 INFO Task 95 started: bad
2026-06-06 21:46:36,258 ERROR Task 95 failed: Unknown agent: unknown
2026-06-06 21:50:32,702 INFO Task 96 started: remember this preference
2026-06-06 21:50:32,741 INFO Task 96 completed
2026-06-06 21:50:34,079 INFO Task 97 started: delete file C:/definitely-not-real.txt
2026-06-06 21:50:34,084 ERROR Task 97 failed: Path outside allowed base path: C:\definitely-not-real.txt
2026-06-06 21:50:36,131 INFO Task 100 started: remember task manager test
2026-06-06 21:50:36,153 INFO Task 100 completed
2026-06-06 21:50:37,000 INFO Task 101 started: bad
2026-06-06 21:50:37,002 ERROR Task 101 failed: Unknown agent: unknown
2026-06-06 21:56:42,110 INFO Task 102 started: remember this preference
2026-06-06 21:56:42,280 INFO Task 102 completed
2026-06-06 21:56:49,237 INFO Task 103 started: delete file C:/definitely-not-real.txt
2026-06-06 21:56:49,300 ERROR Task 103 failed: Path outside allowed base path: C:\definitely-not-real.txt
2026-06-06 21:57:00,618 INFO Task 106 started: remember task manager test
2026-06-06 21:57:00,648 INFO Task 106 completed
2026-06-06 21:57:00,900 INFO Task 107 started: bad
2026-06-06 21:57:00,901 ERROR Task 107 failed: Unknown agent: unknown
2026-06-06 21:59:08,005 INFO Task 108 started: remember this preference
2026-06-06 21:59:08,029 INFO Task 108 completed
2026-06-06 21:59:09,703 INFO Task 109 started: delete file C:/definitely-not-real.txt
2026-06-06 21:59:09,709 ERROR Task 109 failed: Path outside allowed base path: C:\definitely-not-real.txt
2026-06-06 21:59:12,737 INFO Task 112 started: remember task manager test
2026-06-06 21:59:12,755 INFO Task 112 completed
2026-06-06 21:59:13,006 INFO Task 113 started: bad
2026-06-06 21:59:13,007 ERROR Task 113 failed: Unknown agent: unknown
2026-06-06 22:01:26,148 INFO Task 114 started: remember this preference
2026-06-06 22:01:26,179 INFO Task 114 completed
2026-06-06 22:01:27,650 INFO Task 115 started: delete file C:/definitely-not-real.txt
2026-06-06 22:01:27,655 ERROR Task 115 failed: Path outside allowed base path: C:\definitely-not-real.txt
2026-06-06 22:01:29,722 INFO Task 118 started: remember task manager test
2026-06-06 22:01:29,745 INFO Task 118 completed
2026-06-06 22:01:30,028 INFO Task 119 started: bad
2026-06-06 22:01:30,029 ERROR Task 119 failed: Unknown agent: unknown
2026-06-06 22:04:35,870 INFO Task 120 started: remember this preference
2026-06-06 22:04:35,894 INFO Task 120 completed
2026-06-06 22:04:46,995 INFO Task 121 started: delete file C:/definitely-not-real.txt
2026-06-06 22:04:46,999 ERROR Task 121 failed: Path outside allowed base path: C:\definitely-not-real.txt
2026-06-06 22:04:52,430 INFO Task 124 started: remember task manager test
2026-06-06 22:04:52,448 INFO Task 124 completed
2026-06-06 22:04:55,934 INFO Task 125 started: bad
2026-06-06 22:04:55,935 ERROR Task 125 failed: Unknown agent: unknown
2026-06-06 22:14:57,516 INFO Task 2 started: remember this preference
2026-06-06 22:14:57,548 INFO Task 2 completed
2026-06-06 22:15:02,963 INFO Task 127 started: remember task manager test
2026-06-06 22:15:02,982 INFO Task 127 completed
2026-06-06 22:15:05,887 INFO Task 128 started: bad
2026-06-06 22:15:05,889 ERROR Task 128 failed: Unknown agent: unknown
2026-06-06 22:17:17,994 INFO Task 129 started: Remember this preference
2026-06-06 22:17:18,019 INFO Task 129 completed
2026-06-06 22:17:29,147 INFO Task 130 started: Delete file C:/definitely-not-real.txt
2026-06-06 22:17:29,151 ERROR Task 130 failed: Path outside allowed base path: C:\definitely-not-real.txt
2026-06-06 22:17:29,351 INFO Task 130 started: Delete file C:/definitely-not-real.txt
2026-06-06 22:17:29,354 ERROR Task 130 failed: Path outside allowed base path: C:\definitely-not-real.txt
2026-06-06 22:17:29,562 INFO Task 131 started: Shutdown after 5 minutes
2026-06-06 22:17:29,575 INFO Task 131 completed
2026-06-06 22:17:34,681 INFO Task 132 started: Shutdown after 5 minutes
2026-06-06 22:17:34,692 INFO Task 132 completed
2026-06-06 22:17:35,057 INFO Task 134 started: remember task manager test
2026-06-06 22:17:35,077 INFO Task 134 completed
2026-06-06 22:17:38,138 INFO Task 135 started: bad
2026-06-06 22:17:38,139 ERROR Task 135 failed: Unknown agent: unknown
2026-06-06 22:18:14,475 INFO Task 136 started: Remember this preference
2026-06-06 22:18:14,563 INFO Task 136 completed
2026-06-06 22:18:25,592 INFO Task 137 started: Delete file C:/definitely-not-real.txt
2026-06-06 22:18:25,596 ERROR Task 137 failed: Path outside allowed base path: C:\definitely-not-real.txt
2026-06-06 22:18:25,729 INFO Task 137 started: Delete file C:/definitely-not-real.txt
2026-06-06 22:18:25,732 ERROR Task 137 failed: Path outside allowed base path: C:\definitely-not-real.txt
2026-06-06 22:18:26,019 INFO Task 138 started: Shutdown after 5 minutes
2026-06-06 22:18:26,033 INFO Task 138 completed
2026-06-06 22:18:31,499 INFO Task 139 started: Shutdown after 5 minutes
2026-06-06 22:18:31,511 INFO Task 139 completed
2026-06-06 22:18:31,717 INFO Task 140 started: Remind me to review unclear thing on tomorrow at 9:00 AM
2026-06-06 22:18:31,728 INFO Task 140 completed
2026-06-06 22:18:32,034 INFO Task 142 started: remember task manager test
2026-06-06 22:18:32,056 INFO Task 142 completed
2026-06-06 22:18:35,984 INFO Task 143 started: bad
2026-06-06 22:18:35,985 ERROR Task 143 failed: Unknown agent: unknown
2026-06-06 22:21:36,469 INFO Task 144 started: Remember this preference
2026-06-06 22:21:36,501 INFO Task 144 completed
2026-06-06 22:21:48,869 INFO Task 145 started: Delete file C:/definitely-not-real.txt
2026-06-06 22:21:48,875 ERROR Task 145 failed: Path outside allowed base path: C:\definitely-not-real.txt
2026-06-06 22:21:48,979 INFO Task 145 started: Delete file C:/definitely-not-real.txt
2026-06-06 22:21:48,983 ERROR Task 145 failed: Path outside allowed base path: C:\definitely-not-real.txt
2026-06-06 22:21:49,095 INFO Task 146 started: Shutdown after 5 minutes
2026-06-06 22:21:49,108 INFO Task 146 completed
2026-06-06 22:21:55,866 INFO Task 147 started: Shutdown after 5 minutes
2026-06-06 22:21:55,880 INFO Task 147 completed
2026-06-06 22:21:56,108 INFO Task 148 started: Remind me to review unclear thing on tomorrow at 9:00 AM
2026-06-06 22:21:56,121 INFO Task 148 completed
2026-06-06 22:21:56,469 INFO Task 150 started: remember task manager test
2026-06-06 22:21:56,493 INFO Task 150 completed
2026-06-06 22:21:59,999 INFO Task 151 started: bad
2026-06-06 22:22:00,001 ERROR Task 151 failed: Unknown agent: unknown
2026-06-06 22:22:41,432 INFO Task 152 started: Remember approval smoke test
2026-06-06 22:22:41,456 INFO Task 152 completed
2026-06-06 22:29:00,142 INFO Task 153 started: Remember this preference
2026-06-06 22:29:00,167 INFO Task 153 completed
2026-06-06 22:29:09,078 INFO Task 154 started: Delete file C:/definitely-not-real.txt
2026-06-06 22:29:09,081 ERROR Task 154 failed: Path outside allowed base path: C:\definitely-not-real.txt
2026-06-06 22:29:09,167 INFO Task 154 started: Delete file C:/definitely-not-real.txt
2026-06-06 22:29:09,171 ERROR Task 154 failed: Path outside allowed base path: C:\definitely-not-real.txt
2026-06-06 22:29:09,259 INFO Task 155 started: Shutdown after 5 minutes
2026-06-06 22:29:09,271 INFO Task 155 completed
2026-06-06 22:29:14,754 INFO Task 156 started: Shutdown after 5 minutes
2026-06-06 22:29:14,763 INFO Task 156 completed
2026-06-06 22:29:14,923 INFO Task 157 started: Remind me to review unclear thing on tomorrow at 9:00 AM
2026-06-06 22:29:14,936 INFO Task 157 completed
2026-06-06 22:29:15,221 INFO Task 159 started: remember task manager test
2026-06-06 22:29:15,240 INFO Task 159 completed
2026-06-06 22:29:17,977 INFO Task 160 started: bad
2026-06-06 22:29:17,978 ERROR Task 160 failed: Unknown agent: unknown
2026-06-06 22:30:04,485 INFO Task 161 started: Open Contineo
2026-06-06 22:30:04,523 INFO Task 161 completed
2026-06-06 22:30:39,998 INFO Task 162 started: Open Contineo
2026-06-06 22:30:40,034 INFO Task 162 completed
2026-06-06 22:30:43,047 INFO Task 163 started: Remember this preference
2026-06-06 22:30:43,078 INFO Task 163 completed
2026-06-06 22:30:51,740 INFO Task 164 started: Delete file C:/definitely-not-real.txt
2026-06-06 22:30:51,743 ERROR Task 164 failed: Path outside allowed base path: C:\definitely-not-real.txt
2026-06-06 22:30:51,843 INFO Task 164 started: Delete file C:/definitely-not-real.txt
2026-06-06 22:30:51,846 ERROR Task 164 failed: Path outside allowed base path: C:\definitely-not-real.txt
2026-06-06 22:30:51,935 INFO Task 165 started: Shutdown after 5 minutes
2026-06-06 22:30:51,948 INFO Task 165 completed
2026-06-06 22:30:56,748 INFO Task 166 started: Shutdown after 5 minutes
2026-06-06 22:30:56,758 INFO Task 166 completed
2026-06-06 22:30:56,928 INFO Task 167 started: Remind me to review unclear thing on tomorrow at 9:00 AM
2026-06-06 22:30:56,940 INFO Task 167 completed
2026-06-06 22:30:57,213 INFO Task 169 started: remember task manager test
2026-06-06 22:30:57,232 INFO Task 169 completed
2026-06-06 22:31:00,229 INFO Task 170 started: bad
2026-06-06 22:31:00,231 ERROR Task 170 failed: Unknown agent: unknown
2026-06-06 22:31:00,459 INFO Task 171 started: Open Contineo
2026-06-06 22:31:00,489 INFO Task 171 completed
2026-06-06 22:31:34,386 INFO Task 172 started: Open Contineo
2026-06-06 22:31:34,419 INFO Task 172 completed
2026-06-06 22:33:28,577 INFO Task 173 started: Remember this preference
2026-06-06 22:33:28,608 INFO Task 173 completed
2026-06-06 22:33:39,057 INFO Task 174 started: Delete file C:/definitely-not-real.txt
2026-06-06 22:33:39,061 ERROR Task 174 failed: Path outside allowed base path: C:\definitely-not-real.txt
2026-06-06 22:33:39,139 INFO Task 174 started: Delete file C:/definitely-not-real.txt
2026-06-06 22:33:39,141 ERROR Task 174 failed: Path outside allowed base path: C:\definitely-not-real.txt
2026-06-06 22:33:39,227 INFO Task 175 started: Shutdown after 5 minutes
2026-06-06 22:33:39,238 INFO Task 175 completed
2026-06-06 22:33:44,222 INFO Task 176 started: Shutdown after 5 minutes
2026-06-06 22:33:44,230 INFO Task 176 completed
2026-06-06 22:33:44,383 INFO Task 177 started: Remind me to review unclear thing on tomorrow at 9:00 AM
2026-06-06 22:33:44,392 INFO Task 177 completed
2026-06-06 22:33:44,614 INFO Task 179 started: remember task manager test
2026-06-06 22:33:44,632 INFO Task 179 completed
2026-06-06 22:33:47,994 INFO Task 180 started: bad
2026-06-06 22:33:47,995 ERROR Task 180 failed: Unknown agent: unknown
2026-06-06 22:33:48,226 INFO Task 181 started: Open Contineo
2026-06-06 22:33:48,259 INFO Task 181 completed
2026-06-06 22:41:15,429 INFO Task 182 started: Open Contineo
2026-06-06 22:41:15,462 INFO Task 182 completed
2026-06-06 22:42:19,719 INFO Task 183 started: Open Contineo
2026-06-06 22:42:19,753 INFO Task 183 completed
2026-06-06 22:42:57,411 INFO Task 184 started: Remember this preference
2026-06-06 22:42:57,435 INFO Task 184 completed
2026-06-06 22:43:07,856 INFO Task 185 started: Delete file C:/definitely-not-real.txt
2026-06-06 22:43:07,859 ERROR Task 185 failed: Path outside allowed base path: C:\definitely-not-real.txt
2026-06-06 22:43:07,946 INFO Task 185 started: Delete file C:/definitely-not-real.txt
2026-06-06 22:43:07,949 ERROR Task 185 failed: Path outside allowed base path: C:\definitely-not-real.txt
2026-06-06 22:43:08,044 INFO Task 186 started: Shutdown after 5 minutes
2026-06-06 22:43:08,058 INFO Task 186 completed
2026-06-06 22:43:13,025 INFO Task 187 started: Shutdown after 5 minutes
2026-06-06 22:43:13,036 INFO Task 187 completed
2026-06-06 22:43:13,201 INFO Task 188 started: Remind me to review unclear thing on tomorrow at 9:00 AM
2026-06-06 22:43:13,210 INFO Task 188 completed
2026-06-06 22:43:13,452 INFO Task 190 started: remember task manager test
2026-06-06 22:43:13,468 INFO Task 190 completed
2026-06-06 22:43:15,943 INFO Task 191 started: bad
2026-06-06 22:43:15,944 ERROR Task 191 failed: Unknown agent: unknown
2026-06-06 22:43:16,176 INFO Task 192 started: Open Contineo
2026-06-06 22:43:16,206 INFO Task 192 completed
